2022-06-28 11:16:25,683 INFO synthetic_model_server.py[81] 启动服务，服务监听端口为:40051
2022-06-28 11:16:54,077 INFO synthetic_model_server.py[49] ------ 接收仿真数据生成模型训练参数:
2022-06-28 11:16:54,077 INFO synthetic_model_server.py[57]    to_synthetic_file_path: example/data/adult.csv
2022-06-28 11:16:54,077 INFO synthetic_model_server.py[58]    model_save_path: example/models/example.pkl
2022-06-28 11:16:54,077 INFO synthetic_model_server.py[59]    tabel_type: tabular
2022-06-28 11:16:54,077 INFO synthetic_model_server.py[60]    model_type: TVAE
2022-06-28 11:16:54,078 INFO synthetic_model_server.py[61]    primary_key: 
2022-06-28 11:16:54,078 INFO synthetic_model_server.py[62]    anonymize_fields: 
2022-06-28 11:16:54,078 INFO get_synthetic_model.py[47] start training......
2022-06-28 11:16:54,194 INFO get_synthetic_model.py[58] table columns: 15
2022-06-28 11:16:54,194 INFO get_synthetic_model.py[59] table rows: 32561
2022-06-28 11:16:54,196 ERROR get_synthetic_model.py[77] ''
2022-06-28 11:19:09,044 INFO synthetic_model_server.py[80] 启动服务，服务监听端口为:40051
2022-06-28 11:19:19,483 INFO synthetic_model_server.py[49] ------ 接收仿真数据生成模型训练参数:
2022-06-28 11:19:19,483 INFO synthetic_model_server.py[57]    to_synthetic_file_path: example/data/adult.csv
2022-06-28 11:19:19,484 INFO synthetic_model_server.py[58]    model_save_path: example/models/example.pkl
2022-06-28 11:19:19,484 INFO synthetic_model_server.py[59]    tabel_type: tabular
2022-06-28 11:19:19,484 INFO synthetic_model_server.py[60]    model_type: TVAE
2022-06-28 11:19:19,484 INFO synthetic_model_server.py[61]    primary_key: 
2022-06-28 11:19:19,484 INFO synthetic_model_server.py[62]    anonymize_fields: 
2022-06-28 11:19:19,484 INFO get_synthetic_model.py[47] start training......
2022-06-28 11:19:19,590 INFO get_synthetic_model.py[58] table columns: 15
2022-06-28 11:19:19,590 INFO get_synthetic_model.py[59] table rows: 32561
2022-06-28 11:19:19,591 ERROR get_synthetic_model.py[77] ''
2022-06-28 11:20:48,602 INFO synthetic_model_server.py[49] ------ 接收仿真数据生成模型训练参数:
2022-06-28 11:20:48,602 INFO synthetic_model_server.py[57]    to_synthetic_file_path: example/data/adult.csv
2022-06-28 11:20:48,602 INFO synthetic_model_server.py[58]    model_save_path: example/models/example.pkl
2022-06-28 11:20:48,602 INFO synthetic_model_server.py[59]    tabel_type: tabular
2022-06-28 11:20:48,602 INFO synthetic_model_server.py[60]    model_type: TVAE
2022-06-28 11:20:48,603 INFO synthetic_model_server.py[61]    primary_key: 
2022-06-28 11:20:48,603 INFO synthetic_model_server.py[62]    anonymize_fields: 
2022-06-28 11:20:48,603 INFO get_synthetic_model.py[47] start training......
2022-06-28 11:20:48,678 INFO get_synthetic_model.py[58] table columns: 15
2022-06-28 11:20:48,678 INFO get_synthetic_model.py[59] table rows: 32561
2022-06-28 11:20:48,679 ERROR get_synthetic_model.py[77] ''
2022-06-28 11:21:58,923 INFO synthetic_model_server.py[49] ------ 接收仿真数据生成模型训练参数:
2022-06-28 11:21:58,923 INFO synthetic_model_server.py[57]    to_synthetic_file_path: example/data/adult.csv
2022-06-28 11:21:58,923 INFO synthetic_model_server.py[58]    model_save_path: example/models/example.pkl
2022-06-28 11:21:58,924 INFO synthetic_model_server.py[59]    tabel_type: tabular
2022-06-28 11:21:58,924 INFO synthetic_model_server.py[60]    model_type: TVAE
2022-06-28 11:21:58,924 INFO synthetic_model_server.py[61]    primary_key: 
2022-06-28 11:21:58,924 INFO synthetic_model_server.py[62]    anonymize_fields: 
2022-06-28 11:21:58,924 INFO get_synthetic_model.py[47] start training......
2022-06-28 11:21:58,997 INFO get_synthetic_model.py[58] table columns: 15
2022-06-28 11:21:58,997 INFO get_synthetic_model.py[59] table rows: 32561
2022-06-28 11:21:58,997 ERROR get_synthetic_model.py[77] ''
2022-06-28 11:22:35,153 INFO synthetic_model_server.py[49] ------ 接收仿真数据生成模型训练参数:
2022-06-28 11:22:35,154 INFO synthetic_model_server.py[57]    to_synthetic_file_path: example/data/adult.csv
2022-06-28 11:22:35,154 INFO synthetic_model_server.py[58]    model_save_path: example/models/example.pkl
2022-06-28 11:22:35,154 INFO synthetic_model_server.py[59]    tabel_type: tabular
2022-06-28 11:22:35,155 INFO synthetic_model_server.py[60]    model_type: TVAE
2022-06-28 11:22:35,155 INFO synthetic_model_server.py[61]    primary_key: 
2022-06-28 11:22:35,155 INFO synthetic_model_server.py[62]    anonymize_fields: 
2022-06-28 11:22:35,155 INFO get_synthetic_model.py[47] start training......
2022-06-28 11:22:35,268 INFO get_synthetic_model.py[58] table columns: 15
2022-06-28 11:22:35,268 INFO get_synthetic_model.py[59] table rows: 32561
2022-06-28 11:22:35,268 ERROR get_synthetic_model.py[77] ''
2022-06-28 11:23:31,845 INFO synthetic_model_server.py[80] 启动服务，服务监听端口为:40051
2022-06-28 11:23:35,272 INFO synthetic_model_server.py[49] ------ 接收仿真数据生成模型训练参数:
2022-06-28 11:23:35,272 INFO synthetic_model_server.py[57]    to_synthetic_file_path: example/data/adult.csv
2022-06-28 11:23:35,272 INFO synthetic_model_server.py[58]    model_save_path: example/models/example.pkl
2022-06-28 11:23:35,272 INFO synthetic_model_server.py[59]    tabel_type: tabular
2022-06-28 11:23:35,273 INFO synthetic_model_server.py[60]    model_type: TVAE
2022-06-28 11:23:35,273 INFO synthetic_model_server.py[61]    primary_key: 
2022-06-28 11:23:35,273 INFO synthetic_model_server.py[62]    anonymize_fields: 
2022-06-28 11:23:35,273 INFO get_synthetic_model.py[47] start training......
2022-06-28 11:23:35,413 INFO get_synthetic_model.py[58] table columns: 15
2022-06-28 11:23:35,413 INFO get_synthetic_model.py[59] table rows: 32561
2022-06-28 11:24:48,793 INFO synthetic_model_server.py[80] 启动服务，服务监听端口为:40051
2022-06-28 11:24:52,026 INFO synthetic_model_server.py[49] ------ 接收仿真数据生成模型训练参数:
2022-06-28 11:24:52,026 INFO synthetic_model_server.py[57]    to_synthetic_file_path: example/data/adult.csv
2022-06-28 11:24:52,026 INFO synthetic_model_server.py[58]    model_save_path: example/models/example.pkl
2022-06-28 11:24:52,026 INFO synthetic_model_server.py[59]    tabel_type: tabular
2022-06-28 11:24:52,026 INFO synthetic_model_server.py[60]    model_type: TVAE
2022-06-28 11:24:52,026 INFO synthetic_model_server.py[61]    primary_key: 
2022-06-28 11:24:52,026 INFO synthetic_model_server.py[62]    anonymize_fields: 
2022-06-28 11:24:52,026 INFO get_synthetic_model.py[47] start training......
2022-06-28 11:24:52,148 INFO get_synthetic_model.py[58] table columns: 15
2022-06-28 11:24:52,148 INFO get_synthetic_model.py[59] table rows: 32561
2022-06-28 11:26:13,865 INFO synthetic_model_server.py[80] 启动服务，服务监听端口为:40051
2022-06-28 11:26:20,498 INFO synthetic_model_server.py[49] ------ 接收仿真数据生成模型训练参数:
2022-06-28 11:26:20,498 INFO synthetic_model_server.py[57]    to_synthetic_file_path: example/data/adult.csv
2022-06-28 11:26:20,499 INFO synthetic_model_server.py[58]    model_save_path: example/models/example.pkl
2022-06-28 11:26:20,499 INFO synthetic_model_server.py[59]    tabel_type: tabular
2022-06-28 11:26:20,499 INFO synthetic_model_server.py[60]    model_type: TVAE
2022-06-28 11:26:20,499 INFO synthetic_model_server.py[61]    primary_key: 
2022-06-28 11:26:20,499 INFO synthetic_model_server.py[62]    anonymize_fields: 
2022-06-28 11:26:20,500 INFO get_synthetic_model.py[47] start training......
2022-06-28 11:26:20,579 INFO get_synthetic_model.py[58] table columns: 15
2022-06-28 11:26:20,580 INFO get_synthetic_model.py[59] table rows: 32561
2022-06-28 11:26:20,580 INFO get_synthetic_model.py[68] data type:<class 'pandas.core.frame.DataFrame'>
2022-06-28 11:26:20,584 ERROR get_synthetic_model.py[77] ''
2022-06-28 11:27:35,781 INFO synthetic_model_server.py[80] 启动服务，服务监听端口为:40051
2022-06-28 11:27:42,047 INFO synthetic_model_server.py[49] ------ 接收仿真数据生成模型训练参数:
2022-06-28 11:27:42,048 INFO synthetic_model_server.py[57]    to_synthetic_file_path: example/data/adult.csv
2022-06-28 11:27:42,048 INFO synthetic_model_server.py[58]    model_save_path: example/models/example.pkl
2022-06-28 11:27:42,048 INFO synthetic_model_server.py[59]    tabel_type: tabular
2022-06-28 11:27:42,048 INFO synthetic_model_server.py[60]    model_type: TVAE
2022-06-28 11:27:42,048 INFO synthetic_model_server.py[61]    primary_key: 
2022-06-28 11:27:42,048 INFO synthetic_model_server.py[62]    anonymize_fields: 
2022-06-28 11:27:42,048 INFO get_synthetic_model.py[47] start training......
2022-06-28 11:27:42,184 INFO get_synthetic_model.py[58] table columns: 15
2022-06-28 11:27:42,184 INFO get_synthetic_model.py[59] table rows: 32561
2022-06-28 11:27:42,184 INFO get_synthetic_model.py[68] logging test
2022-06-28 11:27:42,184 ERROR get_synthetic_model.py[77] ''
2022-06-28 11:28:42,123 INFO synthetic_model_server.py[80] 启动服务，服务监听端口为:40051
2022-06-28 11:28:45,188 INFO synthetic_model_server.py[49] ------ 接收仿真数据生成模型训练参数:
2022-06-28 11:28:45,188 INFO synthetic_model_server.py[57]    to_synthetic_file_path: example/data/adult.csv
2022-06-28 11:28:45,188 INFO synthetic_model_server.py[58]    model_save_path: example/models/example.pkl
2022-06-28 11:28:45,188 INFO synthetic_model_server.py[59]    tabel_type: tabular
2022-06-28 11:28:45,189 INFO synthetic_model_server.py[60]    model_type: TVAE
2022-06-28 11:28:45,189 INFO synthetic_model_server.py[61]    primary_key: 
2022-06-28 11:28:45,189 INFO synthetic_model_server.py[62]    anonymize_fields: 
2022-06-28 11:28:45,189 INFO get_synthetic_model.py[47] start training......
2022-06-28 11:28:45,335 INFO get_synthetic_model.py[58] table columns: 15
2022-06-28 11:28:45,335 INFO get_synthetic_model.py[59] table rows: 32561
2022-06-28 11:28:45,335 INFO get_synthetic_model.py[69] logging test
2022-06-28 11:28:45,336 ERROR get_synthetic_model.py[78] ''
2022-06-28 11:29:34,894 INFO synthetic_model_server.py[80] 启动服务，服务监听端口为:40051
2022-06-28 11:29:37,468 INFO synthetic_model_server.py[49] ------ 接收仿真数据生成模型训练参数:
2022-06-28 11:29:37,468 INFO synthetic_model_server.py[57]    to_synthetic_file_path: example/data/adult.csv
2022-06-28 11:29:37,468 INFO synthetic_model_server.py[58]    model_save_path: example/models/example.pkl
2022-06-28 11:29:37,468 INFO synthetic_model_server.py[59]    tabel_type: tabular
2022-06-28 11:29:37,468 INFO synthetic_model_server.py[60]    model_type: TVAE
2022-06-28 11:29:37,469 INFO synthetic_model_server.py[61]    primary_key: 
2022-06-28 11:29:37,469 INFO synthetic_model_server.py[62]    anonymize_fields: 
2022-06-28 11:29:37,469 INFO get_synthetic_model.py[47] start training......
2022-06-28 11:29:37,603 INFO get_synthetic_model.py[58] table columns: 15
2022-06-28 11:29:37,604 INFO get_synthetic_model.py[59] table rows: 32561
2022-06-28 11:29:37,604 INFO get_synthetic_model.py[70] logging test
2022-06-28 11:29:37,604 ERROR get_synthetic_model.py[79] ''
2022-06-28 11:30:24,399 INFO synthetic_model_server.py[49] ------ 接收仿真数据生成模型训练参数:
2022-06-28 11:30:24,399 INFO synthetic_model_server.py[57]    to_synthetic_file_path: example/data/adult.csv
2022-06-28 11:30:24,400 INFO synthetic_model_server.py[58]    model_save_path: example/models/example.pkl
2022-06-28 11:30:24,400 INFO synthetic_model_server.py[59]    tabel_type: tabular
2022-06-28 11:30:24,400 INFO synthetic_model_server.py[60]    model_type: TVAE
2022-06-28 11:30:24,400 INFO synthetic_model_server.py[61]    primary_key: 
2022-06-28 11:30:24,400 INFO synthetic_model_server.py[62]    anonymize_fields: 
2022-06-28 11:30:24,400 INFO get_synthetic_model.py[47] start training......
2022-06-28 11:30:24,475 INFO get_synthetic_model.py[58] table columns: 15
2022-06-28 11:30:24,475 INFO get_synthetic_model.py[59] table rows: 32561
2022-06-28 11:30:24,475 INFO get_synthetic_model.py[70] logging test
2022-06-28 11:30:24,476 ERROR get_synthetic_model.py[79] ''
2022-06-28 11:30:32,609 INFO synthetic_model_server.py[49] ------ 接收仿真数据生成模型训练参数:
2022-06-28 11:30:32,609 INFO synthetic_model_server.py[57]    to_synthetic_file_path: example/data/adult.csv
2022-06-28 11:30:32,609 INFO synthetic_model_server.py[58]    model_save_path: example/models/example.pkl
2022-06-28 11:30:32,609 INFO synthetic_model_server.py[59]    tabel_type: tabular
2022-06-28 11:30:32,609 INFO synthetic_model_server.py[60]    model_type: TVAE
2022-06-28 11:30:32,610 INFO synthetic_model_server.py[61]    primary_key: 
2022-06-28 11:30:32,610 INFO synthetic_model_server.py[62]    anonymize_fields: 
2022-06-28 11:30:32,610 INFO get_synthetic_model.py[47] start training......
2022-06-28 11:30:32,719 INFO get_synthetic_model.py[58] table columns: 15
2022-06-28 11:30:32,719 INFO get_synthetic_model.py[59] table rows: 32561
2022-06-28 11:30:32,720 INFO get_synthetic_model.py[70] logging test
2022-06-28 11:30:32,720 ERROR get_synthetic_model.py[79] ''
2022-06-28 11:30:41,632 INFO synthetic_model_server.py[49] ------ 接收仿真数据生成模型训练参数:
2022-06-28 11:30:41,632 INFO synthetic_model_server.py[57]    to_synthetic_file_path: example/data/adult.csv
2022-06-28 11:30:41,633 INFO synthetic_model_server.py[58]    model_save_path: example/models/example.pkl
2022-06-28 11:30:41,633 INFO synthetic_model_server.py[59]    tabel_type: tabular
2022-06-28 11:30:41,633 INFO synthetic_model_server.py[60]    model_type: TVAE
2022-06-28 11:30:41,633 INFO synthetic_model_server.py[61]    primary_key: 
2022-06-28 11:30:41,633 INFO synthetic_model_server.py[62]    anonymize_fields: 
2022-06-28 11:30:41,633 INFO get_synthetic_model.py[47] start training......
2022-06-28 11:30:41,724 INFO get_synthetic_model.py[58] table columns: 15
2022-06-28 11:30:41,724 INFO get_synthetic_model.py[59] table rows: 32561
2022-06-28 11:30:41,724 INFO get_synthetic_model.py[70] logging test
2022-06-28 11:30:41,724 ERROR get_synthetic_model.py[79] ''
2022-06-28 11:31:02,623 INFO synthetic_model_server.py[49] ------ 接收仿真数据生成模型训练参数:
2022-06-28 11:31:02,623 INFO synthetic_model_server.py[57]    to_synthetic_file_path: example/data/adult.csv
2022-06-28 11:31:02,623 INFO synthetic_model_server.py[58]    model_save_path: example/models/example.pkl
2022-06-28 11:31:02,623 INFO synthetic_model_server.py[59]    tabel_type: tabular
2022-06-28 11:31:02,623 INFO synthetic_model_server.py[60]    model_type: TVAE
2022-06-28 11:31:02,623 INFO synthetic_model_server.py[61]    primary_key: 
2022-06-28 11:31:02,624 INFO synthetic_model_server.py[62]    anonymize_fields: 
2022-06-28 11:31:02,624 INFO get_synthetic_model.py[47] start training......
2022-06-28 11:31:02,715 INFO get_synthetic_model.py[58] table columns: 15
2022-06-28 11:31:02,715 INFO get_synthetic_model.py[59] table rows: 32561
2022-06-28 11:31:02,715 INFO get_synthetic_model.py[70] logging test
2022-06-28 11:31:02,715 ERROR get_synthetic_model.py[79] ''
2022-06-28 11:32:50,181 INFO synthetic_model_server.py[49] ------ 接收仿真数据生成模型训练参数:
2022-06-28 11:32:50,181 INFO synthetic_model_server.py[57]    to_synthetic_file_path: example/data/adult.csv
2022-06-28 11:32:50,181 INFO synthetic_model_server.py[58]    model_save_path: example/models/example.pkl
2022-06-28 11:32:50,181 INFO synthetic_model_server.py[59]    tabel_type: tabular
2022-06-28 11:32:50,181 INFO synthetic_model_server.py[60]    model_type: TVAE
2022-06-28 11:32:50,181 INFO synthetic_model_server.py[61]    primary_key: 
2022-06-28 11:32:50,181 INFO synthetic_model_server.py[62]    anonymize_fields: 
2022-06-28 11:32:50,182 INFO get_synthetic_model.py[47] start training......
2022-06-28 11:32:50,241 INFO get_synthetic_model.py[58] table columns: 15
2022-06-28 11:32:50,242 INFO get_synthetic_model.py[59] table rows: 32561
2022-06-28 11:32:50,242 INFO get_synthetic_model.py[70] logging test
2022-06-28 11:32:50,242 ERROR get_synthetic_model.py[79] ''
2022-06-28 11:35:15,599 INFO synthetic_model_server.py[80] 启动服务，服务监听端口为:40051
2022-06-28 11:35:21,540 INFO synthetic_model_server.py[49] ------ 接收仿真数据生成模型训练参数:
2022-06-28 11:35:21,540 INFO synthetic_model_server.py[57]    to_synthetic_file_path: example/data/adult.csv
2022-06-28 11:35:21,540 INFO synthetic_model_server.py[58]    model_save_path: example/models/example.pkl
2022-06-28 11:35:21,540 INFO synthetic_model_server.py[59]    tabel_type: tabular
2022-06-28 11:35:21,540 INFO synthetic_model_server.py[60]    model_type: TVAE
2022-06-28 11:35:21,540 INFO synthetic_model_server.py[61]    primary_key: 
2022-06-28 11:35:21,540 INFO synthetic_model_server.py[62]    anonymize_fields: 
2022-06-28 11:35:21,540 INFO get_synthetic_model.py[47] start training......
2022-06-28 11:35:21,644 INFO get_synthetic_model.py[58] table columns: 15
2022-06-28 11:35:21,644 INFO get_synthetic_model.py[59] table rows: 32561
2022-06-28 11:35:21,644 INFO get_synthetic_model.py[69] not exist primary key!
2022-06-28 11:35:21,644 INFO get_synthetic_model.py[82] not exist anonymize_fields!
2022-06-28 11:35:21,658 ERROR get_synthetic_model.py[117] Field "" does not exist in this table
2022-06-28 11:37:41,127 INFO synthetic_model_server.py[80] 启动服务，服务监听端口为:40051
2022-06-28 11:37:44,529 INFO synthetic_model_server.py[49] ------ 接收仿真数据生成模型训练参数:
2022-06-28 11:37:44,529 INFO synthetic_model_server.py[57]    to_synthetic_file_path: example/data/adult.csv
2022-06-28 11:37:44,529 INFO synthetic_model_server.py[58]    model_save_path: example/models/example.pkl
2022-06-28 11:37:44,529 INFO synthetic_model_server.py[59]    tabel_type: tabular
2022-06-28 11:37:44,529 INFO synthetic_model_server.py[60]    model_type: TVAE
2022-06-28 11:37:44,529 INFO synthetic_model_server.py[61]    primary_key: 
2022-06-28 11:37:44,529 INFO synthetic_model_server.py[62]    anonymize_fields: 
2022-06-28 11:37:44,530 INFO get_synthetic_model.py[47] start training......
2022-06-28 11:37:44,653 INFO get_synthetic_model.py[58] table columns: 15
2022-06-28 11:37:44,653 INFO get_synthetic_model.py[59] table rows: 32561
2022-06-28 11:37:44,653 INFO get_synthetic_model.py[69] not exist primary key!
2022-06-28 11:37:44,654 INFO get_synthetic_model.py[82] not exist anonymize_fields!
2022-06-28 11:37:44,654 INFO get_synthetic_model.py[107] TVAE
2022-06-28 11:37:44,662 ERROR get_synthetic_model.py[118] Field "" does not exist in this table
2022-06-28 11:37:51,173 INFO synthetic_model_server.py[49] ------ 接收仿真数据生成模型训练参数:
2022-06-28 11:37:51,174 INFO synthetic_model_server.py[57]    to_synthetic_file_path: example/data/adult.csv
2022-06-28 11:37:51,174 INFO synthetic_model_server.py[58]    model_save_path: example/models/example.pkl
2022-06-28 11:37:51,174 INFO synthetic_model_server.py[59]    tabel_type: tabular
2022-06-28 11:37:51,174 INFO synthetic_model_server.py[60]    model_type: TVAE
2022-06-28 11:37:51,174 INFO synthetic_model_server.py[61]    primary_key: 
2022-06-28 11:37:51,174 INFO synthetic_model_server.py[62]    anonymize_fields: 
2022-06-28 11:37:51,174 INFO get_synthetic_model.py[47] start training......
2022-06-28 11:37:51,248 INFO get_synthetic_model.py[58] table columns: 15
2022-06-28 11:37:51,248 INFO get_synthetic_model.py[59] table rows: 32561
2022-06-28 11:37:51,248 INFO get_synthetic_model.py[69] not exist primary key!
2022-06-28 11:37:51,248 INFO get_synthetic_model.py[82] not exist anonymize_fields!
2022-06-28 11:37:51,248 INFO get_synthetic_model.py[107] TVAE
2022-06-28 11:37:51,258 ERROR get_synthetic_model.py[118] Field "" does not exist in this table
2022-06-28 11:38:27,680 INFO synthetic_model_server.py[80] 启动服务，服务监听端口为:40051
2022-06-28 11:38:29,915 INFO synthetic_model_server.py[49] ------ 接收仿真数据生成模型训练参数:
2022-06-28 11:38:29,915 INFO synthetic_model_server.py[57]    to_synthetic_file_path: example/data/adult.csv
2022-06-28 11:38:29,915 INFO synthetic_model_server.py[58]    model_save_path: example/models/example.pkl
2022-06-28 11:38:29,915 INFO synthetic_model_server.py[59]    tabel_type: tabular
2022-06-28 11:38:29,915 INFO synthetic_model_server.py[60]    model_type: TVAE
2022-06-28 11:38:29,915 INFO synthetic_model_server.py[61]    primary_key: 
2022-06-28 11:38:29,915 INFO synthetic_model_server.py[62]    anonymize_fields: 
2022-06-28 11:38:29,915 INFO get_synthetic_model.py[47] start training......
2022-06-28 11:38:30,046 INFO get_synthetic_model.py[58] table columns: 15
2022-06-28 11:38:30,046 INFO get_synthetic_model.py[59] table rows: 32561
2022-06-28 11:38:30,046 INFO get_synthetic_model.py[69] not exist primary key!
2022-06-28 11:38:30,046 INFO get_synthetic_model.py[82] not exist anonymize_fields!
2022-06-28 11:38:30,046 INFO get_synthetic_model.py[107] <class 'str'>
2022-06-28 11:38:30,056 ERROR get_synthetic_model.py[118] Field "" does not exist in this table
2022-06-28 11:39:37,170 INFO synthetic_model_server.py[80] 启动服务，服务监听端口为:40051
2022-06-28 11:39:39,859 INFO synthetic_model_server.py[49] ------ 接收仿真数据生成模型训练参数:
2022-06-28 11:39:39,859 INFO synthetic_model_server.py[57]    to_synthetic_file_path: example/data/adult.csv
2022-06-28 11:39:39,859 INFO synthetic_model_server.py[58]    model_save_path: example/models/example.pkl
2022-06-28 11:39:39,859 INFO synthetic_model_server.py[59]    tabel_type: tabular
2022-06-28 11:39:39,859 INFO synthetic_model_server.py[60]    model_type: TVAE
2022-06-28 11:39:39,859 INFO synthetic_model_server.py[61]    primary_key: 
2022-06-28 11:39:39,859 INFO synthetic_model_server.py[62]    anonymize_fields: 
2022-06-28 11:39:39,859 INFO get_synthetic_model.py[47] start training......
2022-06-28 11:39:39,985 INFO get_synthetic_model.py[58] table columns: 15
2022-06-28 11:39:39,985 INFO get_synthetic_model.py[59] table rows: 32561
2022-06-28 11:39:39,985 INFO get_synthetic_model.py[69] not exist primary key!
2022-06-28 11:39:39,985 INFO get_synthetic_model.py[82] not exist anonymize_fields!
2022-06-28 11:39:39,985 INFO get_synthetic_model.py[107] <class 'str'>
2022-06-28 11:39:39,995 ERROR get_synthetic_model.py[120] Field "" does not exist in this table
2022-06-28 11:41:58,887 INFO synthetic_model_server.py[80] 启动服务，服务监听端口为:40051
2022-06-28 11:42:02,950 INFO synthetic_model_server.py[49] ------ 接收仿真数据生成模型训练参数:
2022-06-28 11:42:02,950 INFO synthetic_model_server.py[57]    to_synthetic_file_path: example/data/adult.csv
2022-06-28 11:42:02,950 INFO synthetic_model_server.py[58]    model_save_path: example/models/example.pkl
2022-06-28 11:42:02,950 INFO synthetic_model_server.py[59]    tabel_type: tabular
2022-06-28 11:42:02,950 INFO synthetic_model_server.py[60]    model_type: TVAE
2022-06-28 11:42:02,951 INFO synthetic_model_server.py[61]    primary_key: 
2022-06-28 11:42:02,951 INFO synthetic_model_server.py[62]    anonymize_fields: 
2022-06-28 11:42:02,951 INFO get_synthetic_model.py[47] start training......
2022-06-28 11:42:03,061 INFO get_synthetic_model.py[58] table columns: 15
2022-06-28 11:42:03,062 INFO get_synthetic_model.py[59] table rows: 32561
2022-06-28 11:42:03,062 INFO get_synthetic_model.py[69] not exist primary key!
2022-06-28 11:42:03,062 INFO get_synthetic_model.py[82] not exist anonymize_fields!
2022-06-28 11:42:03,069 ERROR get_synthetic_model.py[117] Field "" does not exist in this table
2022-06-28 11:42:31,217 INFO synthetic_model_server.py[49] ------ 接收仿真数据生成模型训练参数:
2022-06-28 11:42:31,217 INFO synthetic_model_server.py[57]    to_synthetic_file_path: example/data/adult.csv
2022-06-28 11:42:31,217 INFO synthetic_model_server.py[58]    model_save_path: example/models/example.pkl
2022-06-28 11:42:31,217 INFO synthetic_model_server.py[59]    tabel_type: tabular
2022-06-28 11:42:31,217 INFO synthetic_model_server.py[60]    model_type: TVAE
2022-06-28 11:42:31,217 INFO synthetic_model_server.py[61]    primary_key: 
2022-06-28 11:42:31,217 INFO synthetic_model_server.py[62]    anonymize_fields: 
2022-06-28 11:42:31,217 INFO get_synthetic_model.py[47] start training......
2022-06-28 11:42:31,274 INFO get_synthetic_model.py[58] table columns: 15
2022-06-28 11:42:31,274 INFO get_synthetic_model.py[59] table rows: 32561
2022-06-28 11:42:31,274 INFO get_synthetic_model.py[69] not exist primary key!
2022-06-28 11:42:31,274 INFO get_synthetic_model.py[82] not exist anonymize_fields!
2022-06-28 11:42:31,281 ERROR get_synthetic_model.py[117] Field "" does not exist in this table
2022-06-28 11:42:35,458 INFO synthetic_model_server.py[49] ------ 接收仿真数据生成模型训练参数:
2022-06-28 11:42:35,458 INFO synthetic_model_server.py[57]    to_synthetic_file_path: example/data/adult.csv
2022-06-28 11:42:35,458 INFO synthetic_model_server.py[58]    model_save_path: example/models/example.pkl
2022-06-28 11:42:35,459 INFO synthetic_model_server.py[59]    tabel_type: tabular
2022-06-28 11:42:35,459 INFO synthetic_model_server.py[60]    model_type: TVAE
2022-06-28 11:42:35,459 INFO synthetic_model_server.py[61]    primary_key: 
2022-06-28 11:42:35,459 INFO synthetic_model_server.py[62]    anonymize_fields: 
2022-06-28 11:42:35,459 INFO get_synthetic_model.py[47] start training......
2022-06-28 11:42:35,514 INFO get_synthetic_model.py[58] table columns: 15
2022-06-28 11:42:35,514 INFO get_synthetic_model.py[59] table rows: 32561
2022-06-28 11:42:35,514 INFO get_synthetic_model.py[69] not exist primary key!
2022-06-28 11:42:35,514 INFO get_synthetic_model.py[82] not exist anonymize_fields!
2022-06-28 11:42:35,521 ERROR get_synthetic_model.py[117] Field "" does not exist in this table
2022-06-28 11:43:10,052 INFO synthetic_model_server.py[80] 启动服务，服务监听端口为:40051
2022-06-28 11:43:10,975 INFO synthetic_model_server.py[49] ------ 接收仿真数据生成模型训练参数:
2022-06-28 11:43:10,976 INFO synthetic_model_server.py[57]    to_synthetic_file_path: example/data/adult.csv
2022-06-28 11:43:10,976 INFO synthetic_model_server.py[58]    model_save_path: example/models/example.pkl
2022-06-28 11:43:10,976 INFO synthetic_model_server.py[59]    tabel_type: tabular
2022-06-28 11:43:10,976 INFO synthetic_model_server.py[60]    model_type: TVAE
2022-06-28 11:43:10,976 INFO synthetic_model_server.py[61]    primary_key: 
2022-06-28 11:43:10,976 INFO synthetic_model_server.py[62]    anonymize_fields: 
2022-06-28 11:43:10,976 INFO get_synthetic_model.py[47] start training......
2022-06-28 11:43:11,107 INFO get_synthetic_model.py[58] table columns: 15
2022-06-28 11:43:11,107 INFO get_synthetic_model.py[59] table rows: 32561
2022-06-28 11:43:11,107 INFO get_synthetic_model.py[69] not exist primary key!
2022-06-28 11:43:11,107 INFO get_synthetic_model.py[82] not exist anonymize_fields!
2022-06-28 11:43:11,147 ERROR get_synthetic_model.py[118] Field "" does not exist in this table
2022-06-28 11:46:57,010 INFO synthetic_model_server.py[80] 启动服务，服务监听端口为:40051
2022-06-28 11:47:03,225 INFO synthetic_model_server.py[49] ------ 接收仿真数据生成模型训练参数:
2022-06-28 11:47:03,225 INFO synthetic_model_server.py[57]    to_synthetic_file_path: example/data/adult.csv
2022-06-28 11:47:03,225 INFO synthetic_model_server.py[58]    model_save_path: example/models/example.pkl
2022-06-28 11:47:03,226 INFO synthetic_model_server.py[59]    tabel_type: tabular
2022-06-28 11:47:03,226 INFO synthetic_model_server.py[60]    model_type: TVAE
2022-06-28 11:47:03,226 INFO synthetic_model_server.py[61]    primary_key: 
2022-06-28 11:47:03,226 INFO synthetic_model_server.py[62]    anonymize_fields: 
2022-06-28 11:47:03,226 INFO get_synthetic_model.py[47] start training......
2022-06-28 11:47:03,374 INFO get_synthetic_model.py[58] table columns: 15
2022-06-28 11:47:03,375 INFO get_synthetic_model.py[59] table rows: 32561
2022-06-28 11:47:03,375 INFO get_synthetic_model.py[69] not exist primary key!
2022-06-28 11:47:03,376 INFO get_synthetic_model.py[83] not exist anonymize_fields!
2022-06-28 11:51:47,212 ERROR get_synthetic_model.py[120] Unable to allocate 2.63 GiB for an array with shape (21648, 32561) and data type int32
2022-06-28 12:00:57,883 INFO synthetic_model_server.py[80] 启动服务，服务监听端口为:40051
2022-06-28 12:01:17,040 INFO synthetic_model_server.py[49] ------ 接收仿真数据生成模型训练参数:
2022-06-28 12:01:17,040 INFO synthetic_model_server.py[57]    to_synthetic_file_path: example/data/adult.csv
2022-06-28 12:01:17,040 INFO synthetic_model_server.py[58]    model_save_path: example/models/example.pkl
2022-06-28 12:01:17,040 INFO synthetic_model_server.py[59]    tabel_type: tabular
2022-06-28 12:01:17,040 INFO synthetic_model_server.py[60]    model_type: TVAE
2022-06-28 12:01:17,040 INFO synthetic_model_server.py[61]    primary_key: 
2022-06-28 12:01:17,041 INFO synthetic_model_server.py[62]    anonymize_fields: 
2022-06-28 12:01:17,041 INFO get_synthetic_model.py[47] start training......
2022-06-28 12:01:17,147 INFO get_synthetic_model.py[58] table columns: 15
2022-06-28 12:01:17,147 INFO get_synthetic_model.py[59] table rows: 32561
2022-06-28 12:01:17,150 INFO get_synthetic_model.py[64] Randomly select 10000 rows as train data from original 32561 rows
2022-06-28 12:01:17,150 INFO get_synthetic_model.py[70] not exist primary key!
2022-06-28 12:01:17,150 INFO get_synthetic_model.py[84] not exist anonymize_fields!
2022-06-28 12:04:50,694 ERROR get_synthetic_model.py[119] Unable to allocate 2.63 GiB for an array with shape (21648, 32561) and data type int32
2022-06-28 12:06:16,122 INFO synthetic_model_server.py[80] 启动服务，服务监听端口为:40051
2022-06-28 12:06:21,661 INFO synthetic_model_server.py[49] ------ 接收仿真数据生成模型训练参数:
2022-06-28 12:06:21,661 INFO synthetic_model_server.py[57]    to_synthetic_file_path: example/data/adult.csv
2022-06-28 12:06:21,662 INFO synthetic_model_server.py[58]    model_save_path: example/models/example.pkl
2022-06-28 12:06:21,662 INFO synthetic_model_server.py[59]    tabel_type: tabular
2022-06-28 12:06:21,662 INFO synthetic_model_server.py[60]    model_type: TVAE
2022-06-28 12:06:21,662 INFO synthetic_model_server.py[61]    primary_key: 
2022-06-28 12:06:21,662 INFO synthetic_model_server.py[62]    anonymize_fields: 
2022-06-28 12:06:21,662 INFO get_synthetic_model.py[47] start training......
2022-06-28 12:06:21,840 INFO get_synthetic_model.py[58] table columns: 15
2022-06-28 12:06:21,840 INFO get_synthetic_model.py[59] table rows: 32561
2022-06-28 12:06:21,845 INFO get_synthetic_model.py[64] Randomly select 1000 rows as train data from original 32561 rows
2022-06-28 12:06:21,845 INFO get_synthetic_model.py[70] not exist primary key!
2022-06-28 12:06:21,845 INFO get_synthetic_model.py[84] not exist anonymize_fields!
2022-06-28 12:10:42,752 ERROR get_synthetic_model.py[119] Unable to allocate 2.63 GiB for an array with shape (21648, 32561) and data type int32
2022-06-28 12:15:49,321 INFO synthetic_model_server.py[80] 启动服务，服务监听端口为:40051
2022-06-28 12:15:52,661 INFO synthetic_model_server.py[49] ------ 接收仿真数据生成模型训练参数:
2022-06-28 12:15:52,661 INFO synthetic_model_server.py[57]    to_synthetic_file_path: example/data/adult.csv
2022-06-28 12:15:52,661 INFO synthetic_model_server.py[58]    model_save_path: example/models/example.pkl
2022-06-28 12:15:52,662 INFO synthetic_model_server.py[59]    tabel_type: tabular
2022-06-28 12:15:52,662 INFO synthetic_model_server.py[60]    model_type: TVAE
2022-06-28 12:15:52,662 INFO synthetic_model_server.py[61]    primary_key: 
2022-06-28 12:15:52,662 INFO synthetic_model_server.py[62]    anonymize_fields: 
2022-06-28 12:15:52,662 INFO get_synthetic_model.py[47] start training......
2022-06-28 12:15:52,766 INFO get_synthetic_model.py[58] table columns: 15
2022-06-28 12:15:52,767 INFO get_synthetic_model.py[59] table rows: 32561
2022-06-28 12:15:52,771 INFO get_synthetic_model.py[64] Randomly select 1000 rows as train data from original 32561 rows
2022-06-28 12:15:52,771 INFO get_synthetic_model.py[70] not exist primary key!
2022-06-28 12:15:52,772 INFO get_synthetic_model.py[84] not exist anonymize_fields!
2022-06-28 12:15:57,863 INFO get_synthetic_model.py[133] training finished.
2022-06-28 13:04:38,623 INFO synthetic_model_server.py[49] ------ 接收仿真数据生成模型训练参数:
2022-06-28 13:04:38,623 INFO synthetic_model_server.py[57]    to_synthetic_file_path: example/data/adult.csv
2022-06-28 13:04:38,623 INFO synthetic_model_server.py[58]    model_save_path: example/models/example.pkl
2022-06-28 13:04:38,623 INFO synthetic_model_server.py[59]    tabel_type: tabular
2022-06-28 13:04:38,623 INFO synthetic_model_server.py[60]    model_type: TVAE
2022-06-28 13:04:38,624 INFO synthetic_model_server.py[61]    primary_key: 
2022-06-28 13:04:38,624 INFO synthetic_model_server.py[62]    anonymize_fields: 
2022-06-28 13:04:38,624 INFO get_synthetic_model.py[47] start training......
2022-06-28 13:04:38,679 INFO get_synthetic_model.py[58] table columns: 15
2022-06-28 13:04:38,679 INFO get_synthetic_model.py[59] table rows: 32561
2022-06-28 13:04:38,681 INFO get_synthetic_model.py[64] Randomly select 1000 rows as train data from original 32561 rows
2022-06-28 13:04:38,681 INFO get_synthetic_model.py[70] not exist primary key!
2022-06-28 13:04:38,681 INFO get_synthetic_model.py[84] not exist anonymize_fields!
2022-06-28 13:04:42,825 INFO get_synthetic_model.py[133] training finished.
2022-06-28 16:16:29,752 INFO synthetic_model_server.py[80] 启动服务，服务监听端口为:40051
2022-06-28 16:17:02,730 INFO synthetic_model_server.py[49] ------ 接收仿真数据生成模型训练参数:
2022-06-28 16:17:02,730 INFO synthetic_model_server.py[57]    to_synthetic_file_path: example/data/adult.csv
2022-06-28 16:17:02,730 INFO synthetic_model_server.py[58]    model_save_path: example/models/example.pkl
2022-06-28 16:17:02,730 INFO synthetic_model_server.py[59]    tabel_type: tabular
2022-06-28 16:17:02,731 INFO synthetic_model_server.py[60]    model_type: TVAE
2022-06-28 16:17:02,731 INFO synthetic_model_server.py[61]    primary_key: 
2022-06-28 16:17:02,731 INFO synthetic_model_server.py[62]    anonymize_fields: 
2022-06-28 16:17:02,731 INFO synthetic_model.py[49] start training......
2022-06-28 16:17:02,868 INFO synthetic_model.py[60] table columns: 15
2022-06-28 16:17:02,868 INFO synthetic_model.py[61] table rows: 32561
2022-06-28 16:17:02,871 INFO synthetic_model.py[66] Randomly select 1000 rows as train data from original 32561 rows
2022-06-28 16:17:02,871 INFO synthetic_model.py[72] not exist primary key!
2022-06-28 16:17:02,871 INFO synthetic_model.py[86] not exist anonymize_fields!
2022-06-28 16:17:10,410 INFO synthetic_model.py[135] training finished.
